<?xml version="1.0" encoding="UTF-8"?>
<!-- Generated by org.testng.reporters.JUnitReportReporter -->
<testsuite hostname="QT-INNO-LT0619" failures="0" tests="2" name="QAFox.CalendrHandeling.Deom4" time="0.011" errors="0" timestamp="2021-06-23T15:14:40 IST" skipped="0">
  <testcase classname="QAFox.CalendrHandeling.Deom4" name="india" time="0.009"/>
  <system-out/>
  <testcase classname="QAFox.CalendrHandeling.Deom4" name="india1" time="0.002"/>
  <system-out/>
</testsuite> <!-- QAFox.CalendrHandeling.Deom4 -->
