<?xml version="1.0" encoding="UTF-8"?>
<!-- Generated by org.testng.reporters.JUnitReportReporter -->
<testsuite hostname="QT-INNO-LT0619" failures="0" tests="4" name="QAFox.CalendrHandeling.LoginTestNg" time="0.012" errors="0" timestamp="2021-06-23T18:05:27 IST" skipped="0">
  <testcase classname="QAFox.CalendrHandeling.LoginTestNg" name="registerUser2" time="0.002"/>
  <system-out/>
  <testcase classname="QAFox.CalendrHandeling.LoginTestNg" name="registerUser1" time="0.007"/>
  <system-out/>
  <testcase classname="QAFox.CalendrHandeling.LoginTestNg" name="registerUser2" time="0.002"/>
  <system-out/>
  <testcase classname="QAFox.CalendrHandeling.LoginTestNg" name="registerUser1" time="0.001"/>
  <system-out/>
</testsuite> <!-- QAFox.CalendrHandeling.LoginTestNg -->
